<?xml version="1.0" encoding="UTF-8"?>
<!-- Generated by org.testng.reporters.JUnitReportReporter -->
<testsuite skipped="0" hostname="LAPTOP-PS7N2T8T" name="runner.CucumberRunner" tests="8" failures="0" timestamp="2022-09-08T21:58:41 IST" time="72.299" errors="0">
  <testcase name="runScenario" time="4.173" classname="runner.CucumberRunner"/>
  <system-out/>
  <testcase name="runScenario" time="4.160" classname="runner.CucumberRunner"/>
  <system-out/>
  <testcase name="runScenario" time="18.224" classname="runner.CucumberRunner"/>
  <system-out/>
  <testcase name="runScenario" time="4.527" classname="runner.CucumberRunner"/>
  <system-out/>
  <testcase name="runScenario" time="4.110" classname="runner.CucumberRunner"/>
  <system-out/>
  <testcase name="runScenario" time="8.155" classname="runner.CucumberRunner"/>
  <system-out/>
  <testcase name="runScenario" time="14.923" classname="runner.CucumberRunner"/>
  <system-out/>
  <testcase name="runScenario" time="14.027" classname="runner.CucumberRunner"/>
  <system-out/>
</testsuite> <!-- runner.CucumberRunner -->
